<?xml version="1.0" encoding="UTF-8"?>
<testsuite name="qotd.QuoteControllerSpec" tests="7" skipped="0" failures="0" errors="0" timestamp="2016-05-17T03:34:24" hostname="BROON-LT" time="0.606">
  <properties/>
  <testcase name="Test the index action returns the correct model" classname="qotd.QuoteControllerSpec" time="0.43"/>
  <testcase name="Test the create action returns the correct model" classname="qotd.QuoteControllerSpec" time="0.017"/>
  <testcase name="Test the save action correctly persists an instance" classname="qotd.QuoteControllerSpec" time="0.065"/>
  <testcase name="Test that the show action returns the correct model" classname="qotd.QuoteControllerSpec" time="0.011"/>
  <testcase name="Test that the edit action returns the correct model" classname="qotd.QuoteControllerSpec" time="0.01"/>
  <testcase name="Test the update action performs an update on a valid domain instance" classname="qotd.QuoteControllerSpec" time="0.046"/>
  <testcase name="Test that the delete action deletes an instance if it exists" classname="qotd.QuoteControllerSpec" time="0.027"/>
  <system-out><![CDATA[]]></system-out>
  <system-err><![CDATA[]]></system-err>
</testsuite>
