<?xml version="1.0" encoding="UTF-8"?>
<testsuite name="qotd.QuoteSpec" tests="3" skipped="0" failures="0" errors="0" timestamp="2016-05-28T00:59:19" hostname="BROON-LT" time="0.184">
  <properties/>
  <testcase name="test for valid quote text" classname="qotd.QuoteSpec" time="0.175"/>
  <testcase name="test for null text" classname="qotd.QuoteSpec" time="0.004"/>
  <testcase name="test for legal text" classname="qotd.QuoteSpec" time="0.004"/>
  <system-out><![CDATA[]]></system-out>
  <system-err><![CDATA[]]></system-err>
</testsuite>
