<?xml version="1.0" encoding="UTF-8"?>
<testsuite name="qotd.AttributionSpec" tests="3" skipped="0" failures="0" errors="0" timestamp="2016-05-28T00:59:18" hostname="BROON-LT" time="0.255">
  <properties/>
  <testcase name="test for valid attribution name" classname="qotd.AttributionSpec" time="0.241"/>
  <testcase name="test for null attribution name" classname="qotd.AttributionSpec" time="0.006"/>
  <testcase name="test for legal name" classname="qotd.AttributionSpec" time="0.008"/>
  <system-out><![CDATA[]]></system-out>
  <system-err><![CDATA[]]></system-err>
</testsuite>
